<?xml version="1.0" encoding="UTF-8"?>
<testsuite name="com.utn.demo.EjApiRestApplicationTests" tests="1" skipped="0" failures="0" errors="0" timestamp="2023-10-04T13:34:11" hostname="DESKTOP-2BTKTMS" time="1.212">
  <properties/>
  <testcase name="contextLoads()" classname="com.utn.demo.EjApiRestApplicationTests" time="1.212"/>
  <system-out><![CDATA[10:34:00.257 [Test worker] INFO org.springframework.test.context.support.AnnotationConfigContextLoaderUtils -- Could not detect default configuration classes for test class [com.utn.demo.EjApiRestApplicationTests]: EjApiRestApplicationTests does not declare any static, non-private, non-final, nested classes annotated with @Configuration.
10:34:00.394 [Test worker] INFO org.springframework.boot.test.context.SpringBootTestContextBootstrapper -- Found @SpringBootConfiguration com.utn.demo.EjApiRestApplication for test class com.utn.demo.EjApiRestApplicationTests

  .   ____          _            __ _ _
 /\\ / ___'_ __ _ _(_)_ __  __ _ \ \ \ \
( ( )\___ | '_ | '_| | '_ \/ _` | \ \ \ \
 \\/  ___)| |_)| | | | | || (_| |  ) ) ) )
  '  |____| .__|_| |_|_| |_\__, | / / / /
 =========|_|==============|___/=/_/_/_/
 :: Spring Boot ::                (v3.1.4)

2023-10-04T10:34:00.968-03:00  INFO 9896 --- [    Test worker] com.utn.demo.EjApiRestApplicationTests   : Starting EjApiRestApplicationTests using Java 18.0.2.1 with PID 9896 (started by Emilio in E:\Users\Emilio\Documents\tp-api.fake\demo)
2023-10-04T10:34:00.970-03:00  INFO 9896 --- [    Test worker] com.utn.demo.EjApiRestApplicationTests   : No active profile set, falling back to 1 default profile: "default"
2023-10-04T10:34:02.377-03:00  INFO 9896 --- [    Test worker] .s.d.r.c.RepositoryConfigurationDelegate : Bootstrapping Spring Data JPA repositories in DEFAULT mode.
2023-10-04T10:34:02.476-03:00  INFO 9896 --- [    Test worker] .s.d.r.c.RepositoryConfigurationDelegate : Finished Spring Data repository scanning in 88 ms. Found 4 JPA repository interfaces.
2023-10-04T10:34:03.176-03:00  INFO 9896 --- [    Test worker] o.hibernate.jpa.internal.util.LogHelper  : HHH000204: Processing PersistenceUnitInfo [name: default]
2023-10-04T10:34:03.274-03:00  INFO 9896 --- [    Test worker] org.hibernate.Version                    : HHH000412: Hibernate ORM core version 6.2.9.Final
2023-10-04T10:34:03.279-03:00  INFO 9896 --- [    Test worker] org.hibernate.cfg.Environment            : HHH000406: Using bytecode reflection optimizer
2023-10-04T10:34:03.487-03:00  INFO 9896 --- [    Test worker] o.h.e.boot.internal.EnversServiceImpl    : Envers integration enabled? : true
2023-10-04T10:34:03.524-03:00  INFO 9896 --- [    Test worker] o.h.b.i.BytecodeProviderInitiator        : HHH000021: Bytecode provider name : bytebuddy
2023-10-04T10:34:03.956-03:00  INFO 9896 --- [    Test worker] o.s.o.j.p.SpringPersistenceUnitInfo      : No LoadTimeWeaver setup: ignoring JPA class transformer
2023-10-04T10:34:03.985-03:00  INFO 9896 --- [    Test worker] com.zaxxer.hikari.HikariDataSource       : HikariPool-1 - Starting...
2023-10-04T10:34:04.270-03:00  INFO 9896 --- [    Test worker] com.zaxxer.hikari.pool.HikariPool        : HikariPool-1 - Added connection conn0: url=jdbc:h2:mem:./betodb user=SA
2023-10-04T10:34:04.272-03:00  INFO 9896 --- [    Test worker] com.zaxxer.hikari.HikariDataSource       : HikariPool-1 - Start completed.
2023-10-04T10:34:04.804-03:00  INFO 9896 --- [    Test worker] o.h.e.c.i.m.AuditMetadataGenerator       : Adding properties for entity: com.utn.demo.entities.Autor
2023-10-04T10:34:04.806-03:00  INFO 9896 --- [    Test worker] o.h.e.c.i.m.AuditMetadataGenerator       : Adding properties for entity: com.utn.demo.entities.Libro
2023-10-04T10:34:04.810-03:00  INFO 9896 --- [    Test worker] o.h.e.c.i.m.AuditMetadataGenerator       : Adding properties for entity: com.utn.demo.entities.Persona
2023-10-04T10:34:04.811-03:00  INFO 9896 --- [    Test worker] o.h.e.c.i.m.AuditMetadataGenerator       : Adding properties for entity: com.utn.demo.entities.Domicilio
2023-10-04T10:34:04.812-03:00  INFO 9896 --- [    Test worker] o.h.e.c.i.m.AuditMetadataGenerator       : Adding properties for entity: com.utn.demo.entities.Localidad
2023-10-04T10:34:04.818-03:00  INFO 9896 --- [    Test worker] .e.b.i.AdditionalJaxbMappingProducerImpl : Adding JAXB document mapping
2023-10-04T10:34:05.218-03:00  INFO 9896 --- [    Test worker] org.hibernate.envers.boot                : HHH90005601: Envers-generated HBM mapping...
<?xml version="1.0" encoding="UTF-8" standalone="yes"?>
<hibernate-mapping auto-import="false" xmlns="http://www.hibernate.org/xsd/orm/hbm">
    <class discriminator-value="Autor" table="autor_AUD" entity-name="com.utn.demo.entities.Autor_AUD" abstract="false">
        <composite-id name="originalId">
            <key-property name="id">
                <column name="id"/>
                <type name="long">
                    <param name="org.hibernate.type.ParameterType.primaryKey">false</param>
                    <param name="org.hibernate.type.ParameterType.dynamic">true</param>
                    <param name="org.hibernate.type.ParameterType.returnedClass">java.lang.Long</param>
                    <param name="org.hibernate.type.ParameterType.accessType">field</param>
                    <param name="org.hibernate.type.ParameterType.entityClass">com.utn.demo.entities.Autor</param>
                    <param name="org.hibernate.type.ParameterType.propertyName">id</param>
                </type>
            </key-property>
            <key-many-to-one class="org.hibernate.envers.DefaultRevisionEntity" name="REV">
                <column name="REV"/>
            </key-many-to-one>
        </composite-id>
        <property insert="true" name="REVTYPE" type="org.hibernate.envers.internal.entities.RevisionTypeType" update="false"/>
        <property insert="true" name="apellido" update="false">
            <column length="255" name="apellido"/>
            <type name="string">
                <param name="org.hibernate.type.ParameterType.primaryKey">false</param>
                <param name="org.hibernate.type.ParameterType.dynamic">true</param>
                <param name="org.hibernate.type.ParameterType.returnedClass">java.lang.String</param>
                <param name="org.hibernate.type.ParameterType.accessType">field</param>
                <param name="org.hibernate.type.ParameterType.entityClass">com.utn.demo.entities.Autor</param>
                <param name="org.hibernate.type.ParameterType.propertyName">apellido</param>
            </type>
        </property>
        <property insert="true" name="biografia" update="false">
            <column length="1500" name="biografia"/>
            <type name="string">
                <param name="org.hibernate.type.ParameterType.primaryKey">false</param>
                <param name="org.hibernate.type.ParameterType.dynamic">true</param>
                <param name="org.hibernate.type.ParameterType.returnedClass">java.lang.String</param>
                <param name="org.hibernate.type.ParameterType.accessType">field</param>
                <param name="org.hibernate.type.ParameterType.entityClass">com.utn.demo.entities.Autor</param>
                <param name="org.hibernate.type.ParameterType.propertyName">biografia</param>
            </type>
        </property>
        <property insert="true" name="nombre" update="false">
            <column length="255" name="nombre"/>
            <type name="string">
                <param name="org.hibernate.type.ParameterType.primaryKey">false</param>
                <param name="org.hibernate.type.ParameterType.dynamic">true</param>
                <param name="org.hibernate.type.ParameterType.returnedClass">java.lang.String</param>
                <param name="org.hibernate.type.ParameterType.accessType">field</param>
                <param name="org.hibernate.type.ParameterType.entityClass">com.utn.demo.entities.Autor</param>
                <param name="org.hibernate.type.ParameterType.propertyName">nombre</param>
            </type>
        </property>
    </class>
</hibernate-mapping>

2023-10-04T10:34:05.240-03:00  INFO 9896 --- [    Test worker] .e.b.i.AdditionalJaxbMappingProducerImpl : Adding JAXB document mapping
2023-10-04T10:34:05.317-03:00  INFO 9896 --- [    Test worker] org.hibernate.envers.boot                : HHH90005601: Envers-generated HBM mapping...
<?xml version="1.0" encoding="UTF-8" standalone="yes"?>
<hibernate-mapping auto-import="false" xmlns="http://www.hibernate.org/xsd/orm/hbm">
    <class discriminator-value="Libro" table="libro_AUD" entity-name="com.utn.demo.entities.Libro_AUD" abstract="false">
        <composite-id name="originalId">
            <key-property name="id">
                <column name="id"/>
                <type name="long">
                    <param name="org.hibernate.type.ParameterType.primaryKey">false</param>
                    <param name="org.hibernate.type.ParameterType.dynamic">true</param>
                    <param name="org.hibernate.type.ParameterType.returnedClass">java.lang.Long</param>
                    <param name="org.hibernate.type.ParameterType.accessType">field</param>
                    <param name="org.hibernate.type.ParameterType.entityClass">com.utn.demo.entities.Libro</param>
                    <param name="org.hibernate.type.ParameterType.propertyName">id</param>
                </type>
            </key-property>
            <key-many-to-one class="org.hibernate.envers.DefaultRevisionEntity" name="REV">
                <column name="REV"/>
            </key-many-to-one>
        </composite-id>
        <property insert="true" name="REVTYPE" type="org.hibernate.envers.internal.entities.RevisionTypeType" update="false"/>
        <property insert="true" name="fecha" type="integer" update="false">
            <column length="255" name="fecha"/>
        </property>
        <property insert="true" name="genero" update="false">
            <column length="255" name="genero"/>
            <type name="string">
                <param name="org.hibernate.type.ParameterType.primaryKey">false</param>
                <param name="org.hibernate.type.ParameterType.dynamic">true</param>
                <param name="org.hibernate.type.ParameterType.returnedClass">java.lang.String</param>
                <param name="org.hibernate.type.ParameterType.accessType">field</param>
                <param name="org.hibernate.type.ParameterType.entityClass">com.utn.demo.entities.Libro</param>
                <param name="org.hibernate.type.ParameterType.propertyName">genero</param>
            </type>
        </property>
        <property insert="true" name="paginas" type="integer" update="false">
            <column length="255" name="paginas"/>
        </property>
        <property insert="true" name="titulo" update="false">
            <column length="255" name="titulo"/>
            <type name="string">
                <param name="org.hibernate.type.ParameterType.primaryKey">false</param>
                <param name="org.hibernate.type.ParameterType.dynamic">true</param>
                <param name="org.hibernate.type.ParameterType.returnedClass">java.lang.String</param>
                <param name="org.hibernate.type.ParameterType.accessType">field</param>
                <param name="org.hibernate.type.ParameterType.entityClass">com.utn.demo.entities.Libro</param>
                <param name="org.hibernate.type.ParameterType.propertyName">titulo</param>
            </type>
        </property>
    </class>
</hibernate-mapping>

2023-10-04T10:34:05.319-03:00  INFO 9896 --- [    Test worker] .e.b.i.AdditionalJaxbMappingProducerImpl : Adding JAXB document mapping
2023-10-04T10:34:05.389-03:00  INFO 9896 --- [    Test worker] org.hibernate.envers.boot                : HHH90005601: Envers-generated HBM mapping...
<?xml version="1.0" encoding="UTF-8" standalone="yes"?>
<hibernate-mapping xmlns="http://www.hibernate.org/xsd/orm/hbm">
    <class table="libro_autores_AUD" entity-name="libro_autores_AUD">
        <composite-id name="originalId">
            <key-many-to-one class="org.hibernate.envers.DefaultRevisionEntity" name="REV">
                <column name="REV"/>
            </key-many-to-one>
            <key-property name="Libro_id">
                <column name="libro_id"/>
                <type name="long">
                    <param name="org.hibernate.type.ParameterType.primaryKey">false</param>
                    <param name="org.hibernate.type.ParameterType.dynamic">true</param>
                    <param name="org.hibernate.type.ParameterType.returnedClass">java.lang.Long</param>
                    <param name="org.hibernate.type.ParameterType.accessType">field</param>
                    <param name="org.hibernate.type.ParameterType.entityClass">com.utn.demo.entities.Libro</param>
                    <param name="org.hibernate.type.ParameterType.propertyName">id</param>
                </type>
            </key-property>
            <key-property name="autores_id">
                <column name="autores_id"/>
                <type name="long">
                    <param name="org.hibernate.type.ParameterType.primaryKey">false</param>
                    <param name="org.hibernate.type.ParameterType.dynamic">true</param>
                    <param name="org.hibernate.type.ParameterType.returnedClass">java.lang.Long</param>
                    <param name="org.hibernate.type.ParameterType.accessType">field</param>
                    <param name="org.hibernate.type.ParameterType.entityClass">com.utn.demo.entities.Autor</param>
                    <param name="org.hibernate.type.ParameterType.propertyName">id</param>
                </type>
            </key-property>
        </composite-id>
        <property insert="true" name="REVTYPE" type="org.hibernate.envers.internal.entities.RevisionTypeType" update="false"/>
    </class>
</hibernate-mapping>

2023-10-04T10:34:05.393-03:00  INFO 9896 --- [    Test worker] .e.b.i.AdditionalJaxbMappingProducerImpl : Adding JAXB document mapping
2023-10-04T10:34:05.454-03:00  INFO 9896 --- [    Test worker] org.hibernate.envers.boot                : HHH90005601: Envers-generated HBM mapping...
<?xml version="1.0" encoding="UTF-8" standalone="yes"?>
<hibernate-mapping auto-import="false" xmlns="http://www.hibernate.org/xsd/orm/hbm">
    <class discriminator-value="Persona" table="persona_AUD" entity-name="com.utn.demo.entities.Persona_AUD" abstract="false">
        <composite-id name="originalId">
            <key-property name="id">
                <column name="id"/>
                <type name="long">
                    <param name="org.hibernate.type.ParameterType.primaryKey">false</param>
                    <param name="org.hibernate.type.ParameterType.dynamic">true</param>
                    <param name="org.hibernate.type.ParameterType.returnedClass">java.lang.Long</param>
                    <param name="org.hibernate.type.ParameterType.accessType">field</param>
                    <param name="org.hibernate.type.ParameterType.entityClass">com.utn.demo.entities.Persona</param>
                    <param name="org.hibernate.type.ParameterType.propertyName">id</param>
                </type>
            </key-property>
            <key-many-to-one class="org.hibernate.envers.DefaultRevisionEntity" name="REV">
                <column name="REV"/>
            </key-many-to-one>
        </composite-id>
        <property insert="true" name="REVTYPE" type="org.hibernate.envers.internal.entities.RevisionTypeType" update="false"/>
        <property insert="true" name="apellido" update="false">
            <column length="255" name="apellido"/>
            <type name="string">
                <param name="org.hibernate.type.ParameterType.primaryKey">false</param>
                <param name="org.hibernate.type.ParameterType.dynamic">true</param>
                <param name="org.hibernate.type.ParameterType.returnedClass">java.lang.String</param>
                <param name="org.hibernate.type.ParameterType.accessType">field</param>
                <param name="org.hibernate.type.ParameterType.entityClass">com.utn.demo.entities.Persona</param>
                <param name="org.hibernate.type.ParameterType.propertyName">apellido</param>
            </type>
        </property>
        <property insert="true" name="dni" type="integer" update="false">
            <column length="255" name="dni"/>
        </property>
        <property insert="true" name="nombre" update="false">
            <column length="255" name="nombre"/>
            <type name="string">
                <param name="org.hibernate.type.ParameterType.primaryKey">false</param>
                <param name="org.hibernate.type.ParameterType.dynamic">true</param>
                <param name="org.hibernate.type.ParameterType.returnedClass">java.lang.String</param>
                <param name="org.hibernate.type.ParameterType.accessType">field</param>
                <param name="org.hibernate.type.ParameterType.entityClass">com.utn.demo.entities.Persona</param>
                <param name="org.hibernate.type.ParameterType.propertyName">nombre</param>
            </type>
        </property>
        <property insert="true" name="domicilio_id" update="false">
            <column name="fk_domicilio"/>
            <type name="long">
                <param name="org.hibernate.type.ParameterType.primaryKey">false</param>
                <param name="org.hibernate.type.ParameterType.dynamic">true</param>
                <param name="org.hibernate.type.ParameterType.returnedClass">java.lang.Long</param>
                <param name="org.hibernate.type.ParameterType.accessType">field</param>
                <param name="org.hibernate.type.ParameterType.entityClass">com.utn.demo.entities.Domicilio</param>
                <param name="org.hibernate.type.ParameterType.propertyName">id</param>
            </type>
        </property>
    </class>
</hibernate-mapping>

2023-10-04T10:34:05.455-03:00  INFO 9896 --- [    Test worker] .e.b.i.AdditionalJaxbMappingProducerImpl : Adding JAXB document mapping
2023-10-04T10:34:05.558-03:00  INFO 9896 --- [    Test worker] org.hibernate.envers.boot                : HHH90005601: Envers-generated HBM mapping...
<?xml version="1.0" encoding="UTF-8" standalone="yes"?>
<hibernate-mapping xmlns="http://www.hibernate.org/xsd/orm/hbm">
    <class table="Persona_Libro_AUD" entity-name="Persona_Libro_AUD">
        <composite-id name="originalId">
            <key-many-to-one class="org.hibernate.envers.DefaultRevisionEntity" name="REV">
                <column name="REV"/>
            </key-many-to-one>
            <key-property name="Persona_id">
                <column name="fk_persona"/>
                <type name="long">
                    <param name="org.hibernate.type.ParameterType.primaryKey">false</param>
                    <param name="org.hibernate.type.ParameterType.dynamic">true</param>
                    <param name="org.hibernate.type.ParameterType.returnedClass">java.lang.Long</param>
                    <param name="org.hibernate.type.ParameterType.accessType">field</param>
                    <param name="org.hibernate.type.ParameterType.entityClass">com.utn.demo.entities.Persona</param>
                    <param name="org.hibernate.type.ParameterType.propertyName">id</param>
                </type>
            </key-property>
            <key-property name="libros_id">
                <column name="id"/>
                <type name="long">
                    <param name="org.hibernate.type.ParameterType.primaryKey">false</param>
                    <param name="org.hibernate.type.ParameterType.dynamic">true</param>
                    <param name="org.hibernate.type.ParameterType.returnedClass">java.lang.Long</param>
                    <param name="org.hibernate.type.ParameterType.accessType">field</param>
                    <param name="org.hibernate.type.ParameterType.entityClass">com.utn.demo.entities.Libro</param>
                    <param name="org.hibernate.type.ParameterType.propertyName">id</param>
                </type>
            </key-property>
        </composite-id>
        <property insert="true" name="REVTYPE" type="org.hibernate.envers.internal.entities.RevisionTypeType" update="false"/>
    </class>
</hibernate-mapping>

2023-10-04T10:34:05.576-03:00  INFO 9896 --- [    Test worker] .e.b.i.AdditionalJaxbMappingProducerImpl : Adding JAXB document mapping
2023-10-04T10:34:05.640-03:00  INFO 9896 --- [    Test worker] org.hibernate.envers.boot                : HHH90005601: Envers-generated HBM mapping...
<?xml version="1.0" encoding="UTF-8" standalone="yes"?>
<hibernate-mapping auto-import="false" xmlns="http://www.hibernate.org/xsd/orm/hbm">
    <class discriminator-value="Domicilio" table="domicilio_AUD" entity-name="com.utn.demo.entities.Domicilio_AUD" abstract="false">
        <composite-id name="originalId">
            <key-property name="id">
                <column name="id"/>
                <type name="long">
                    <param name="org.hibernate.type.ParameterType.primaryKey">false</param>
                    <param name="org.hibernate.type.ParameterType.dynamic">true</param>
                    <param name="org.hibernate.type.ParameterType.returnedClass">java.lang.Long</param>
                    <param name="org.hibernate.type.ParameterType.accessType">field</param>
                    <param name="org.hibernate.type.ParameterType.entityClass">com.utn.demo.entities.Domicilio</param>
                    <param name="org.hibernate.type.ParameterType.propertyName">id</param>
                </type>
            </key-property>
            <key-many-to-one class="org.hibernate.envers.DefaultRevisionEntity" name="REV">
                <column name="REV"/>
            </key-many-to-one>
        </composite-id>
        <property insert="true" name="REVTYPE" type="org.hibernate.envers.internal.entities.RevisionTypeType" update="false"/>
        <property insert="true" name="calle" update="false">
            <column length="255" name="calle"/>
            <type name="string">
                <param name="org.hibernate.type.ParameterType.primaryKey">false</param>
                <param name="org.hibernate.type.ParameterType.dynamic">true</param>
                <param name="org.hibernate.type.ParameterType.returnedClass">java.lang.String</param>
                <param name="org.hibernate.type.ParameterType.accessType">field</param>
                <param name="org.hibernate.type.ParameterType.entityClass">com.utn.demo.entities.Domicilio</param>
                <param name="org.hibernate.type.ParameterType.propertyName">calle</param>
            </type>
        </property>
        <property insert="true" name="numero" type="integer" update="false">
            <column length="255" name="numero"/>
        </property>
        <property insert="true" name="localidad_id" update="false">
            <column name="fk_localidad"/>
            <type name="long">
                <param name="org.hibernate.type.ParameterType.primaryKey">false</param>
                <param name="org.hibernate.type.ParameterType.dynamic">true</param>
                <param name="org.hibernate.type.ParameterType.returnedClass">java.lang.Long</param>
                <param name="org.hibernate.type.ParameterType.accessType">field</param>
                <param name="org.hibernate.type.ParameterType.entityClass">com.utn.demo.entities.Localidad</param>
                <param name="org.hibernate.type.ParameterType.propertyName">id</param>
            </type>
        </property>
    </class>
</hibernate-mapping>

2023-10-04T10:34:05.641-03:00  INFO 9896 --- [    Test worker] .e.b.i.AdditionalJaxbMappingProducerImpl : Adding JAXB document mapping
2023-10-04T10:34:05.703-03:00  INFO 9896 --- [    Test worker] org.hibernate.envers.boot                : HHH90005601: Envers-generated HBM mapping...
<?xml version="1.0" encoding="UTF-8" standalone="yes"?>
<hibernate-mapping auto-import="false" xmlns="http://www.hibernate.org/xsd/orm/hbm">
    <class discriminator-value="Localidad" table="localidad_AUD" entity-name="com.utn.demo.entities.Localidad_AUD" abstract="false">
        <composite-id name="originalId">
            <key-property name="id">
                <column name="id"/>
                <type name="long">
                    <param name="org.hibernate.type.ParameterType.primaryKey">false</param>
                    <param name="org.hibernate.type.ParameterType.dynamic">true</param>
                    <param name="org.hibernate.type.ParameterType.returnedClass">java.lang.Long</param>
                    <param name="org.hibernate.type.ParameterType.accessType">field</param>
                    <param name="org.hibernate.type.ParameterType.entityClass">com.utn.demo.entities.Localidad</param>
                    <param name="org.hibernate.type.ParameterType.propertyName">id</param>
                </type>
            </key-property>
            <key-many-to-one class="org.hibernate.envers.DefaultRevisionEntity" name="REV">
                <column name="REV"/>
            </key-many-to-one>
        </composite-id>
        <property insert="true" name="REVTYPE" type="org.hibernate.envers.internal.entities.RevisionTypeType" update="false"/>
        <property insert="true" name="denominacion" update="false">
            <column length="255" name="denominacion"/>
            <type name="string">
                <param name="org.hibernate.type.ParameterType.primaryKey">false</param>
                <param name="org.hibernate.type.ParameterType.dynamic">true</param>
                <param name="org.hibernate.type.ParameterType.returnedClass">java.lang.String</param>
                <param name="org.hibernate.type.ParameterType.accessType">field</param>
                <param name="org.hibernate.type.ParameterType.entityClass">com.utn.demo.entities.Localidad</param>
                <param name="org.hibernate.type.ParameterType.propertyName">denominacion</param>
            </type>
        </property>
    </class>
</hibernate-mapping>

2023-10-04T10:34:05.716-03:00  INFO 9896 --- [    Test worker] .e.b.i.AdditionalJaxbMappingProducerImpl : Adding JAXB document mapping
2023-10-04T10:34:05.805-03:00  INFO 9896 --- [    Test worker] org.hibernate.envers.boot                : HHH90005601: Envers-generated HBM mapping...
<?xml version="1.0" encoding="UTF-8" standalone="yes"?>
<hibernate-mapping auto-import="false" xmlns="http://www.hibernate.org/xsd/orm/hbm">
    <class table="REVINFO" name="org.hibernate.envers.DefaultRevisionEntity" entity-name="org.hibernate.envers.DefaultRevisionEntity">
        <id name="id" type="integer">
            <column name="REV"/>
            <generator class="native"/>
        </id>
        <property insert="true" name="timestamp" type="long" update="false">
            <column name="REVTSTMP"/>
        </property>
    </class>
</hibernate-mapping>

2023-10-04T10:34:05.939-03:00  INFO 9896 --- [    Test worker] o.h.b.i.BytecodeProviderInitiator        : HHH000021: Bytecode provider name : bytebuddy
2023-10-04T10:34:07.213-03:00  INFO 9896 --- [    Test worker] o.h.e.t.j.p.i.JtaPlatformInitiator       : HHH000490: Using JtaPlatform implementation: [org.hibernate.engine.transaction.jta.platform.internal.NoJtaPlatform]
Hibernate: drop table if exists autor cascade 
Hibernate: drop table if exists autor_aud cascade 
Hibernate: drop table if exists domicilio cascade 
Hibernate: drop table if exists domicilio_aud cascade 
Hibernate: drop table if exists libro cascade 
Hibernate: drop table if exists libro_aud cascade 
Hibernate: drop table if exists libro_autores cascade 
Hibernate: drop table if exists libro_autores_aud cascade 
Hibernate: drop table if exists localidad cascade 
Hibernate: drop table if exists localidad_aud cascade 
Hibernate: drop table if exists persona cascade 
Hibernate: drop table if exists persona_aud cascade 
Hibernate: drop table if exists persona_libro_aud cascade 
Hibernate: drop table if exists revinfo cascade 
Hibernate: create table autor (id bigint generated by default as identity, biografia varchar(1500), apellido varchar(255), nombre varchar(255), primary key (id))
Hibernate: create table autor_aud (rev integer not null, revtype tinyint, id bigint not null, biografia varchar(1500), apellido varchar(255), nombre varchar(255), primary key (rev, id))
Hibernate: create table domicilio (numero integer, fk_localidad bigint not null, id bigint generated by default as identity, calle varchar(255), primary key (id))
Hibernate: create table domicilio_aud (numero integer, rev integer not null, revtype tinyint, fk_localidad bigint, id bigint not null, calle varchar(255), primary key (rev, id))
Hibernate: create table libro (fecha integer, paginas integer, fk_persona bigint, id bigint generated by default as identity, genero varchar(255), titulo varchar(255), primary key (id))
Hibernate: create table libro_aud (fecha integer, paginas integer, rev integer not null, revtype tinyint, id bigint not null, genero varchar(255), titulo varchar(255), primary key (rev, id))
Hibernate: create table libro_autores (autores_id bigint not null, libro_id bigint not null)
Hibernate: create table libro_autores_aud (rev integer not null, revtype tinyint, autores_id bigint not null, libro_id bigint not null, primary key (rev, autores_id, libro_id))
Hibernate: create table localidad (id bigint generated by default as identity, denominacion varchar(255), primary key (id))
Hibernate: create table localidad_aud (rev integer not null, revtype tinyint, id bigint not null, denominacion varchar(255), primary key (rev, id))
Hibernate: create table persona (dni integer, fk_domicilio bigint unique, id bigint generated by default as identity, apellido varchar(255), nombre varchar(255), primary key (id))
Hibernate: create table persona_aud (dni integer, rev integer not null, revtype tinyint, fk_domicilio bigint, id bigint not null, apellido varchar(255), nombre varchar(255), primary key (rev, id))
Hibernate: create table persona_libro_aud (rev integer not null, revtype tinyint, fk_persona bigint not null, id bigint not null, primary key (rev, fk_persona, id))
Hibernate: create table revinfo (rev integer generated by default as identity, revtstmp bigint, primary key (rev))
Hibernate: alter table if exists autor_aud add constraint FK66yvqmj8a83bdemls51f1i88q foreign key (rev) references revinfo
Hibernate: alter table if exists domicilio add constraint FKsq48s35e5o185ajo3mloiqxjk foreign key (fk_localidad) references localidad
Hibernate: alter table if exists domicilio_aud add constraint FKm79veimsf377b9nya4vq2m6ni foreign key (rev) references revinfo
Hibernate: alter table if exists libro add constraint FKhu6ud2c4xjag8vlhbe00ywwdt foreign key (fk_persona) references persona
Hibernate: alter table if exists libro_aud add constraint FKrb8yl5fa520c2sh8kmevqca5e foreign key (rev) references revinfo
Hibernate: alter table if exists libro_autores add constraint FK4n6u17jdtrjai8yitxsmm7tly foreign key (autores_id) references autor
Hibernate: alter table if exists libro_autores add constraint FKsoheqe18ertlksjno9y33x0am foreign key (libro_id) references libro
Hibernate: alter table if exists libro_autores_aud add constraint FKm7nhrof2ybxa1bw3bw5w4ml96 foreign key (rev) references revinfo
Hibernate: alter table if exists localidad_aud add constraint FKoh2ef345ybtdbdu0iogiwjdp3 foreign key (rev) references revinfo
Hibernate: alter table if exists persona add constraint FKdvcd83wmvj0mwmbu3kyoisobn foreign key (fk_domicilio) references domicilio
Hibernate: alter table if exists persona_aud add constraint FKpxigs3r1ey298w0hrbvh55ple foreign key (rev) references revinfo
Hibernate: alter table if exists persona_libro_aud add constraint FK77g2ku68r3f2dtnjpne9vqie foreign key (rev) references revinfo
2023-10-04T10:34:07.315-03:00  INFO 9896 --- [    Test worker] j.LocalContainerEntityManagerFactoryBean : Initialized JPA EntityManagerFactory for persistence unit 'default'
2023-10-04T10:34:07.913-03:00  WARN 9896 --- [    Test worker] JpaBaseConfiguration$JpaWebConfiguration : spring.jpa.open-in-view is enabled by default. Therefore, database queries may be performed during view rendering. Explicitly configure spring.jpa.open-in-view to disable this warning
2023-10-04T10:34:10.803-03:00  INFO 9896 --- [    Test worker] o.s.b.a.h2.H2ConsoleAutoConfiguration    : H2 console available at '/h2-console'. Database available at 'jdbc:h2:mem:./betodb'
2023-10-04T10:34:11.028-03:00  INFO 9896 --- [    Test worker] com.utn.demo.EjApiRestApplicationTests   : Started EjApiRestApplicationTests in 10.397 seconds (process running for 11.932)
]]></system-out>
  <system-err><![CDATA[]]></system-err>
</testsuite>
